<?xml version="1.0" encoding="UTF-8"?>
<!-- Generated by org.testng.reporters.JUnitXMLReporter -->
<testsuite hostname="HP" name="Test" tests="2" failures="1" timestamp="19 Jul 2021 17:09:50 GMT" time="14.201" errors="0">
  <testcase name="bookingPage" time="0.054" classname="AdactinGroup.AdactinHotelBook">
    <failure type="java.lang.NullPointerException">
      <![CDATA[java.lang.NullPointerException
	at AdactinGroup.AdactinHotelBook.bookingPage(AdactinHotelBook.java:30)
... Removed 25 stack frames]]>
    </failure>
  </testcase> <!-- bookingPage -->
  <testcase name="openAdatin" time="14.078" classname="AdactinGroup.AdactinHotelBook"/>
</testsuite> <!-- Test -->
