<?xml version="1.0" encoding="UTF-8"?>
<testng-results skipped="0" failed="0" total="4" passed="4">
  <reporter-output>
  </reporter-output>
  <suite name="Default suite" duration-ms="36017" started-at="2021-07-21T06:39:12Z" finished-at="2021-07-21T06:39:48Z">
    <groups>
    </groups>
    <test name="Default test" duration-ms="36017" started-at="2021-07-21T06:39:12Z" finished-at="2021-07-21T06:39:48Z">
      <class name="AdactinGroup.AdactinHotelBook">
        <test-method status="PASS" signature="openAdatin()[pri:0, instance:AdactinGroup.AdactinHotelBook@2b98378d]" name="openAdatin" duration-ms="18165" started-at="2021-07-21T12:09:12Z" finished-at="2021-07-21T12:09:30Z">
          <reporter-output>
          </reporter-output>
        </test-method> <!-- openAdatin -->
        <test-method status="PASS" signature="bookingPage()[pri:0, instance:AdactinGroup.AdactinHotelBook@2b98378d]" name="bookingPage" duration-ms="2980" started-at="2021-07-21T12:09:30Z" depends-on-methods="AdactinGroup.AdactinHotelBook.openAdatin" finished-at="2021-07-21T12:09:33Z">
          <reporter-output>
          </reporter-output>
        </test-method> <!-- bookingPage -->
        <test-method status="PASS" signature="conformRoom()[pri:0, instance:AdactinGroup.AdactinHotelBook@2b98378d]" name="conformRoom" duration-ms="5204" started-at="2021-07-21T12:09:33Z" depends-on-methods="AdactinGroup.AdactinHotelBook.bookingPage" finished-at="2021-07-21T12:09:38Z">
          <reporter-output>
          </reporter-output>
        </test-method> <!-- conformRoom -->
        <test-method status="PASS" signature="paymentPage()[pri:0, instance:AdactinGroup.AdactinHotelBook@2b98378d]" name="paymentPage" duration-ms="9579" started-at="2021-07-21T12:09:38Z" depends-on-methods="AdactinGroup.AdactinHotelBook.conformRoom" finished-at="2021-07-21T12:09:48Z">
          <reporter-output>
          </reporter-output>
        </test-method> <!-- paymentPage -->
      </class> <!-- AdactinGroup.AdactinHotelBook -->
    </test> <!-- Default test -->
  </suite> <!-- Default suite -->
</testng-results>
